<?xml version="1.0" encoding="UTF-8"?>
<coverage generated="1717811136454" clover="3.2.0">
  <project timestamp="1717811136454" name="All files">
    <metrics statements="125" coveredstatements="125" conditionals="42" coveredconditionals="42" methods="27" coveredmethods="27" elements="194" coveredelements="194" complexity="0" loc="125" ncloc="125" packages="1" files="8" classes="8"/>
    <file name="comments-services.js" path="/Users/hahns_pena/Documents/University/CSC 307/Songsmith/packages/express-backend/comments-services.js">
      <metrics statements="8" coveredstatements="8" conditionals="0" coveredconditionals="0" methods="2" coveredmethods="2"/>
      <line num="7" count="2" type="stmt"/>
      <line num="8" count="2" type="stmt"/>
      <line num="9" count="2" type="stmt"/>
      <line num="10" count="2" type="stmt"/>
      <line num="15" count="2" type="stmt"/>
      <line num="18" count="1" type="stmt"/>
      <line num="19" count="1" type="stmt"/>
      <line num="20" count="1" type="stmt"/>
    </file>
    <file name="comments.js" path="/Users/hahns_pena/Documents/University/CSC 307/Songsmith/packages/express-backend/comments.js">
      <metrics statements="2" coveredstatements="2" conditionals="0" coveredconditionals="0" methods="0" coveredmethods="0"/>
      <line num="3" count="3" type="stmt"/>
      <line num="19" count="3" type="stmt"/>
    </file>
    <file name="playlist-services.js" path="/Users/hahns_pena/Documents/University/CSC 307/Songsmith/packages/express-backend/playlist-services.js">
      <metrics statements="9" coveredstatements="9" conditionals="0" coveredconditionals="0" methods="3" coveredmethods="3"/>
      <line num="5" count="1" type="stmt"/>
      <line num="7" count="1" type="stmt"/>
      <line num="8" count="1" type="stmt"/>
      <line num="13" count="1" type="stmt"/>
      <line num="17" count="1" type="stmt"/>
      <line num="24" count="1" type="stmt"/>
      <line num="28" count="25" type="stmt"/>
      <line num="29" count="25" type="stmt"/>
      <line num="30" count="25" type="stmt"/>
    </file>
    <file name="playlist.js" path="/Users/hahns_pena/Documents/University/CSC 307/Songsmith/packages/express-backend/playlist.js">
      <metrics statements="69" coveredstatements="69" conditionals="32" coveredconditionals="32" methods="12" coveredmethods="12"/>
      <line num="5" count="3" type="stmt"/>
      <line num="61" count="3" type="stmt"/>
      <line num="62" count="5" type="stmt"/>
      <line num="63" count="5" type="stmt"/>
      <line num="64" count="5" type="cond" truecount="2" falsecount="0"/>
      <line num="65" count="2" type="stmt"/>
      <line num="68" count="3" type="cond" truecount="2" falsecount="0"/>
      <line num="69" count="1" type="stmt"/>
      <line num="72" count="2" type="stmt"/>
      <line num="73" count="2" type="stmt"/>
      <line num="75" count="2" type="stmt"/>
      <line num="77" count="3" type="stmt"/>
      <line num="81" count="3" type="stmt"/>
      <line num="82" count="3" type="stmt"/>
      <line num="83" count="3" type="stmt"/>
      <line num="84" count="3" type="cond" truecount="2" falsecount="0"/>
      <line num="85" count="1" type="stmt"/>
      <line num="87" count="2" type="stmt"/>
      <line num="88" count="2" type="stmt"/>
      <line num="90" count="1" type="stmt"/>
      <line num="92" count="2" type="stmt"/>
      <line num="96" count="3" type="stmt"/>
      <line num="97" count="2" type="stmt"/>
      <line num="98" count="2" type="stmt"/>
      <line num="99" count="2" type="stmt"/>
      <line num="100" count="1" type="stmt"/>
      <line num="102" count="1" type="stmt"/>
      <line num="106" count="3" type="stmt"/>
      <line num="107" count="6" type="stmt"/>
      <line num="108" count="6" type="stmt"/>
      <line num="109" count="1" type="cond" truecount="3" falsecount="0"/>
      <line num="111" count="6" type="stmt"/>
      <line num="112" count="1" type="cond" truecount="3" falsecount="0"/>
      <line num="115" count="6" type="cond" truecount="2" falsecount="0"/>
      <line num="116" count="1" type="stmt"/>
      <line num="117" count="5" type="cond" truecount="2" falsecount="0"/>
      <line num="118" count="1" type="stmt"/>
      <line num="119" count="1" type="stmt"/>
      <line num="121" count="4" type="stmt"/>
      <line num="124" count="6" type="stmt"/>
      <line num="126" count="5" type="stmt"/>
      <line num="128" count="1" type="stmt"/>
      <line num="132" count="3" type="stmt"/>
      <line num="133" count="6" type="stmt"/>
      <line num="134" count="6" type="stmt"/>
      <line num="135" count="1" type="cond" truecount="3" falsecount="0"/>
      <line num="137" count="6" type="stmt"/>
      <line num="138" count="1" type="cond" truecount="3" falsecount="0"/>
      <line num="141" count="6" type="cond" truecount="2" falsecount="0"/>
      <line num="142" count="1" type="stmt"/>
      <line num="143" count="5" type="cond" truecount="2" falsecount="0"/>
      <line num="144" count="1" type="stmt"/>
      <line num="145" count="1" type="stmt"/>
      <line num="147" count="4" type="stmt"/>
      <line num="150" count="6" type="stmt"/>
      <line num="152" count="5" type="stmt"/>
      <line num="154" count="1" type="stmt"/>
      <line num="158" count="3" type="stmt"/>
      <line num="159" count="4" type="stmt"/>
      <line num="160" count="4" type="cond" truecount="2" falsecount="0"/>
      <line num="161" count="3" type="stmt"/>
      <line num="163" count="4" type="cond" truecount="2" falsecount="0"/>
      <line num="164" count="3" type="stmt"/>
      <line num="166" count="4" type="cond" truecount="2" falsecount="0"/>
      <line num="167" count="2" type="stmt"/>
      <line num="169" count="4" type="stmt"/>
      <line num="170" count="3" type="stmt"/>
      <line num="172" count="1" type="stmt"/>
      <line num="176" count="3" type="stmt"/>
    </file>
    <file name="song-services.js" path="/Users/hahns_pena/Documents/University/CSC 307/Songsmith/packages/express-backend/song-services.js">
      <metrics statements="19" coveredstatements="19" conditionals="8" coveredconditionals="8" methods="5" coveredmethods="5"/>
      <line num="6" count="2" type="stmt"/>
      <line num="7" count="2" type="stmt"/>
      <line num="9" count="2" type="stmt"/>
      <line num="15" count="2" type="stmt"/>
      <line num="19" count="13" type="stmt"/>
      <line num="20" count="13" type="stmt"/>
      <line num="21" count="13" type="stmt"/>
      <line num="28" count="13" type="stmt"/>
      <line num="29" count="13" type="stmt"/>
      <line num="30" count="12" type="stmt"/>
      <line num="32" count="1" type="stmt"/>
      <line num="37" count="2" type="stmt"/>
      <line num="41" count="2" type="stmt"/>
      <line num="46" count="3" type="cond" truecount="4" falsecount="0"/>
      <line num="47" count="1" type="stmt"/>
      <line num="48" count="2" type="cond" truecount="4" falsecount="0"/>
      <line num="49" count="1" type="stmt"/>
      <line num="51" count="1" type="stmt"/>
      <line num="53" count="3" type="stmt"/>
    </file>
    <file name="song.js" path="/Users/hahns_pena/Documents/University/CSC 307/Songsmith/packages/express-backend/song.js">
      <metrics statements="2" coveredstatements="2" conditionals="0" coveredconditionals="0" methods="0" coveredmethods="0"/>
      <line num="3" count="4" type="stmt"/>
      <line num="37" count="4" type="stmt"/>
    </file>
    <file name="user-services.js" path="/Users/hahns_pena/Documents/University/CSC 307/Songsmith/packages/express-backend/user-services.js">
      <metrics statements="14" coveredstatements="14" conditionals="2" coveredconditionals="2" methods="5" coveredmethods="5"/>
      <line num="5" count="2" type="stmt"/>
      <line num="6" count="2" type="stmt"/>
      <line num="7" count="2" type="stmt"/>
      <line num="8" count="2" type="stmt"/>
      <line num="13" count="2" type="stmt"/>
      <line num="16" count="12" type="stmt"/>
      <line num="17" count="12" type="stmt"/>
      <line num="18" count="12" type="stmt"/>
      <line num="22" count="1" type="stmt"/>
      <line num="26" count="1" type="stmt"/>
      <line num="31" count="2" type="cond" truecount="2" falsecount="0"/>
      <line num="32" count="1" type="stmt"/>
      <line num="34" count="1" type="stmt"/>
      <line num="36" count="2" type="stmt"/>
    </file>
    <file name="user.js" path="/Users/hahns_pena/Documents/University/CSC 307/Songsmith/packages/express-backend/user.js">
      <metrics statements="2" coveredstatements="2" conditionals="0" coveredconditionals="0" methods="0" coveredmethods="0"/>
      <line num="3" count="3" type="stmt"/>
      <line num="21" count="3" type="stmt"/>
    </file>
  </project>
</coverage>
