<?xml version="1.0" encoding="UTF-8"?>
<coverage generated="1717796033327" clover="3.2.0">
  <project timestamp="1717796033327" name="All files">
    <metrics statements="137" coveredstatements="79" conditionals="42" coveredconditionals="12" methods="30" coveredmethods="18" elements="209" coveredelements="109" complexity="0" loc="137" ncloc="137" packages="1" files="8" classes="8"/>
    <file name="comments-services.js" path="/Users/hahns_pena/Documents/University/CSC 307/Songsmith/packages/express-backend/comments-services.js">
      <metrics statements="10" coveredstatements="9" conditionals="0" coveredconditionals="0" methods="2" coveredmethods="2"/>
      <line num="7" count="2" type="stmt"/>
      <line num="8" count="2" type="stmt"/>
      <line num="9" count="2" type="stmt"/>
      <line num="10" count="2" type="stmt"/>
      <line num="15" count="2" type="stmt"/>
      <line num="18" count="1" type="stmt"/>
      <line num="19" count="1" type="stmt"/>
      <line num="20" count="1" type="stmt"/>
      <line num="21" count="1" type="stmt"/>
      <line num="23" count="0" type="stmt"/>
    </file>
    <file name="comments.js" path="/Users/hahns_pena/Documents/University/CSC 307/Songsmith/packages/express-backend/comments.js">
      <metrics statements="2" coveredstatements="2" conditionals="0" coveredconditionals="0" methods="0" coveredmethods="0"/>
      <line num="3" count="3" type="stmt"/>
      <line num="19" count="3" type="stmt"/>
    </file>
    <file name="playlist-services.js" path="/Users/hahns_pena/Documents/University/CSC 307/Songsmith/packages/express-backend/playlist-services.js">
      <metrics statements="17" coveredstatements="14" conditionals="0" coveredconditionals="0" methods="4" coveredmethods="4"/>
      <line num="5" count="1" type="stmt"/>
      <line num="7" count="1" type="stmt"/>
      <line num="8" count="1" type="stmt"/>
      <line num="13" count="1" type="stmt"/>
      <line num="17" count="1" type="stmt"/>
      <line num="18" count="1" type="stmt"/>
      <line num="26" count="1" type="stmt"/>
      <line num="28" count="0" type="stmt"/>
      <line num="34" count="2" type="stmt"/>
      <line num="35" count="2" type="stmt"/>
      <line num="42" count="2" type="stmt"/>
      <line num="44" count="0" type="stmt"/>
      <line num="49" count="6" type="stmt"/>
      <line num="50" count="6" type="stmt"/>
      <line num="51" count="6" type="stmt"/>
      <line num="52" count="6" type="stmt"/>
      <line num="54" count="0" type="stmt"/>
    </file>
    <file name="playlist.js" path="/Users/hahns_pena/Documents/University/CSC 307/Songsmith/packages/express-backend/playlist.js">
      <metrics statements="69" coveredstatements="15" conditionals="32" coveredconditionals="2" methods="12" coveredmethods="1"/>
      <line num="5" count="3" type="stmt"/>
      <line num="61" count="3" type="stmt"/>
      <line num="62" count="1" type="stmt"/>
      <line num="63" count="1" type="stmt"/>
      <line num="64" count="1" type="cond" truecount="1" falsecount="1"/>
      <line num="65" count="0" type="stmt"/>
      <line num="68" count="1" type="cond" truecount="1" falsecount="1"/>
      <line num="69" count="0" type="stmt"/>
      <line num="72" count="1" type="stmt"/>
      <line num="73" count="1" type="stmt"/>
      <line num="75" count="1" type="stmt"/>
      <line num="77" count="0" type="stmt"/>
      <line num="81" count="3" type="stmt"/>
      <line num="82" count="0" type="stmt"/>
      <line num="83" count="0" type="stmt"/>
      <line num="84" count="0" type="cond" truecount="0" falsecount="2"/>
      <line num="85" count="0" type="stmt"/>
      <line num="87" count="0" type="stmt"/>
      <line num="88" count="0" type="stmt"/>
      <line num="90" count="0" type="stmt"/>
      <line num="92" count="0" type="stmt"/>
      <line num="96" count="3" type="stmt"/>
      <line num="97" count="0" type="stmt"/>
      <line num="98" count="0" type="stmt"/>
      <line num="99" count="0" type="stmt"/>
      <line num="101" count="0" type="stmt"/>
      <line num="103" count="0" type="stmt"/>
      <line num="107" count="3" type="stmt"/>
      <line num="108" count="0" type="stmt"/>
      <line num="109" count="0" type="stmt"/>
      <line num="110" count="0" type="cond" truecount="0" falsecount="3"/>
      <line num="112" count="0" type="stmt"/>
      <line num="113" count="0" type="cond" truecount="0" falsecount="3"/>
      <line num="116" count="0" type="cond" truecount="0" falsecount="2"/>
      <line num="117" count="0" type="stmt"/>
      <line num="118" count="0" type="cond" truecount="0" falsecount="2"/>
      <line num="119" count="0" type="stmt"/>
      <line num="120" count="0" type="stmt"/>
      <line num="122" count="0" type="stmt"/>
      <line num="125" count="0" type="stmt"/>
      <line num="127" count="0" type="stmt"/>
      <line num="129" count="0" type="stmt"/>
      <line num="133" count="3" type="stmt"/>
      <line num="134" count="0" type="stmt"/>
      <line num="135" count="0" type="stmt"/>
      <line num="136" count="0" type="cond" truecount="0" falsecount="3"/>
      <line num="138" count="0" type="stmt"/>
      <line num="139" count="0" type="cond" truecount="0" falsecount="3"/>
      <line num="142" count="0" type="cond" truecount="0" falsecount="2"/>
      <line num="143" count="0" type="stmt"/>
      <line num="144" count="0" type="cond" truecount="0" falsecount="2"/>
      <line num="145" count="0" type="stmt"/>
      <line num="146" count="0" type="stmt"/>
      <line num="148" count="0" type="stmt"/>
      <line num="151" count="0" type="stmt"/>
      <line num="153" count="0" type="stmt"/>
      <line num="155" count="0" type="stmt"/>
      <line num="159" count="3" type="stmt"/>
      <line num="160" count="0" type="stmt"/>
      <line num="161" count="0" type="cond" truecount="0" falsecount="2"/>
      <line num="162" count="0" type="stmt"/>
      <line num="164" count="0" type="cond" truecount="0" falsecount="2"/>
      <line num="165" count="0" type="stmt"/>
      <line num="167" count="0" type="cond" truecount="0" falsecount="2"/>
      <line num="168" count="0" type="stmt"/>
      <line num="170" count="0" type="stmt"/>
      <line num="171" count="0" type="stmt"/>
      <line num="173" count="0" type="stmt"/>
      <line num="177" count="3" type="stmt"/>
    </file>
    <file name="song-services.js" path="/Users/hahns_pena/Documents/University/CSC 307/Songsmith/packages/express-backend/song-services.js">
      <metrics statements="20" coveredstatements="20" conditionals="8" coveredconditionals="8" methods="6" coveredmethods="5"/>
      <line num="6" count="2" type="stmt"/>
      <line num="7" count="2" type="stmt"/>
      <line num="10" count="2" type="stmt"/>
      <line num="46" count="2" type="stmt"/>
      <line num="50" count="12" type="stmt"/>
      <line num="51" count="12" type="stmt"/>
      <line num="52" count="12" type="stmt"/>
      <line num="58" count="12" type="stmt"/>
      <line num="65" count="12" type="stmt"/>
      <line num="66" count="12" type="stmt"/>
      <line num="67" count="11" type="stmt"/>
      <line num="69" count="1" type="stmt"/>
      <line num="74" count="2" type="stmt"/>
      <line num="78" count="2" type="stmt"/>
      <line num="83" count="3" type="cond" truecount="4" falsecount="0"/>
      <line num="84" count="1" type="stmt"/>
      <line num="85" count="2" type="cond" truecount="4" falsecount="0"/>
      <line num="86" count="1" type="stmt"/>
      <line num="88" count="1" type="stmt"/>
      <line num="90" count="3" type="stmt"/>
    </file>
    <file name="song.js" path="/Users/hahns_pena/Documents/University/CSC 307/Songsmith/packages/express-backend/song.js">
      <metrics statements="2" coveredstatements="2" conditionals="0" coveredconditionals="0" methods="0" coveredmethods="0"/>
      <line num="3" count="4" type="stmt"/>
      <line num="37" count="4" type="stmt"/>
    </file>
    <file name="user-services.js" path="/Users/hahns_pena/Documents/University/CSC 307/Songsmith/packages/express-backend/user-services.js">
      <metrics statements="15" coveredstatements="15" conditionals="2" coveredconditionals="2" methods="6" coveredmethods="6"/>
      <line num="5" count="1" type="stmt"/>
      <line num="6" count="1" type="stmt"/>
      <line num="7" count="1" type="stmt"/>
      <line num="8" count="1" type="stmt"/>
      <line num="13" count="1" type="stmt"/>
      <line num="16" count="7" type="stmt"/>
      <line num="17" count="7" type="stmt"/>
      <line num="18" count="7" type="stmt"/>
      <line num="22" count="1" type="stmt"/>
      <line num="26" count="1" type="stmt"/>
      <line num="31" count="2" type="cond" truecount="2" falsecount="0"/>
      <line num="32" count="1" type="stmt"/>
      <line num="34" count="1" type="stmt"/>
      <line num="36" count="2" type="stmt"/>
      <line num="40" count="1" type="stmt"/>
    </file>
    <file name="user.js" path="/Users/hahns_pena/Documents/University/CSC 307/Songsmith/packages/express-backend/user.js">
      <metrics statements="2" coveredstatements="2" conditionals="0" coveredconditionals="0" methods="0" coveredmethods="0"/>
      <line num="3" count="3" type="stmt"/>
      <line num="28" count="3" type="stmt"/>
    </file>
  </project>
</coverage>
