{"/Users/hahns_pena/Documents/University/CSC 307/Songsmith/packages/express-backend/comments-services.js": {"path":"/Users/hahns_pena/Documents/University/CSC 307/Songsmith/packages/express-backend/comments-services.js","statementMap":{"0":{"start":{"line":7,"column":0},"end":{"line":7,"column":16}},"1":{"start":{"line":8,"column":12},"end":{"line":8,"column":35}},"2":{"start":{"line":9,"column":0},"end":{"line":9,"column":28}},"3":{"start":{"line":10,"column":0},"end":{"line":15,"column":40}},"4":{"start":{"line":15,"column":20},"end":{"line":15,"column":38}},"5":{"start":{"line":18,"column":2},"end":{"line":24,"column":3}},"6":{"start":{"line":19,"column":21},"end":{"line":19,"column":46}},"7":{"start":{"line":20,"column":20},"end":{"line":20,"column":35}},"8":{"start":{"line":21,"column":4},"end":{"line":21,"column":19}},"9":{"start":{"line":23,"column":4},"end":{"line":23,"column":65}}},"fnMap":{"0":{"name":"(anonymous_0)","decl":{"start":{"line":15,"column":9},"end":{"line":15,"column":10}},"loc":{"start":{"line":15,"column":20},"end":{"line":15,"column":38}},"line":15},"1":{"name":"createComment","decl":{"start":{"line":17,"column":9},"end":{"line":17,"column":22}},"loc":{"start":{"line":17,"column":32},"end":{"line":25,"column":1}},"line":17}},"branchMap":{},"s":{"0":2,"1":2,"2":2,"3":2,"4":2,"5":1,"6":1,"7":1,"8":1,"9":0},"f":{"0":2,"1":1},"b":{},"inputSourceMap":null,"_coverageSchema":"1a1c01bbd47fc00a2c39e90264f33305004495a9","hash":"bd0234394bf828ddadbd986fb6c9f9b6ade96946"}
,"/Users/hahns_pena/Documents/University/CSC 307/Songsmith/packages/express-backend/comments.js": {"path":"/Users/hahns_pena/Documents/University/CSC 307/Songsmith/packages/express-backend/comments.js","statementMap":{"0":{"start":{"line":3,"column":19},"end":{"line":17,"column":1}},"1":{"start":{"line":19,"column":16},"end":{"line":19,"column":53}}},"fnMap":{},"branchMap":{},"s":{"0":3,"1":3},"f":{},"b":{},"inputSourceMap":null,"_coverageSchema":"1a1c01bbd47fc00a2c39e90264f33305004495a9","hash":"7ceb9d9b1d977f3eba3dba2e46ff9c67d9545bdf"}
,"/Users/hahns_pena/Documents/University/CSC 307/Songsmith/packages/express-backend/playlist-services.js": {"path":"/Users/hahns_pena/Documents/University/CSC 307/Songsmith/packages/express-backend/playlist-services.js","statementMap":{"0":{"start":{"line":5,"column":0},"end":{"line":5,"column":16}},"1":{"start":{"line":7,"column":0},"end":{"line":7,"column":28}},"2":{"start":{"line":8,"column":0},"end":{"line":13,"column":40}},"3":{"start":{"line":13,"column":20},"end":{"line":13,"column":38}},"4":{"start":{"line":17,"column":2},"end":{"line":29,"column":3}},"5":{"start":{"line":18,"column":4},"end":{"line":24,"column":14}},"6":{"start":{"line":26,"column":4},"end":{"line":26,"column":19}},"7":{"start":{"line":28,"column":4},"end":{"line":28,"column":66}},"8":{"start":{"line":34,"column":2},"end":{"line":45,"column":3}},"9":{"start":{"line":35,"column":4},"end":{"line":41,"column":14}},"10":{"start":{"line":42,"column":4},"end":{"line":42,"column":19}},"11":{"start":{"line":44,"column":4},"end":{"line":44,"column":66}},"12":{"start":{"line":49,"column":2},"end":{"line":55,"column":3}},"13":{"start":{"line":50,"column":26},"end":{"line":50,"column":53}},"14":{"start":{"line":51,"column":20},"end":{"line":51,"column":40}},"15":{"start":{"line":52,"column":4},"end":{"line":52,"column":19}},"16":{"start":{"line":54,"column":4},"end":{"line":54,"column":65}}},"fnMap":{"0":{"name":"(anonymous_0)","decl":{"start":{"line":13,"column":9},"end":{"line":13,"column":10}},"loc":{"start":{"line":13,"column":20},"end":{"line":13,"column":38}},"line":13},"1":{"name":"getAllPlaylists","decl":{"start":{"line":15,"column":9},"end":{"line":15,"column":24}},"loc":{"start":{"line":15,"column":27},"end":{"line":30,"column":1}},"line":15},"2":{"name":"getPlaylistById","decl":{"start":{"line":32,"column":9},"end":{"line":32,"column":24}},"loc":{"start":{"line":32,"column":29},"end":{"line":46,"column":1}},"line":32},"3":{"name":"createPlaylist","decl":{"start":{"line":48,"column":9},"end":{"line":48,"column":23}},"loc":{"start":{"line":48,"column":34},"end":{"line":56,"column":1}},"line":48}},"branchMap":{},"s":{"0":1,"1":1,"2":1,"3":1,"4":1,"5":1,"6":1,"7":0,"8":2,"9":2,"10":2,"11":0,"12":6,"13":6,"14":6,"15":6,"16":0},"f":{"0":1,"1":1,"2":2,"3":6},"b":{},"inputSourceMap":null,"_coverageSchema":"1a1c01bbd47fc00a2c39e90264f33305004495a9","hash":"a4c0c8dc60b7ba03c86579d2477ef8a791315c93"}
,"/Users/hahns_pena/Documents/University/CSC 307/Songsmith/packages/express-backend/playlist.js": {"path":"/Users/hahns_pena/Documents/University/CSC 307/Songsmith/packages/express-backend/playlist.js","statementMap":{"0":{"start":{"line":5,"column":23},"end":{"line":59,"column":1}},"1":{"start":{"line":61,"column":0},"end":{"line":79,"column":2}},"2":{"start":{"line":62,"column":2},"end":{"line":78,"column":3}},"3":{"start":{"line":63,"column":17},"end":{"line":63,"column":44}},"4":{"start":{"line":64,"column":4},"end":{"line":66,"column":5}},"5":{"start":{"line":65,"column":6},"end":{"line":65,"column":40}},"6":{"start":{"line":68,"column":4},"end":{"line":70,"column":5}},"7":{"start":{"line":68,"column":31},"end":{"line":68,"column":47}},"8":{"start":{"line":69,"column":6},"end":{"line":69,"column":61}},"9":{"start":{"line":72,"column":4},"end":{"line":72,"column":28}},"10":{"start":{"line":73,"column":4},"end":{"line":73,"column":16}},"11":{"start":{"line":75,"column":4},"end":{"line":75,"column":16}},"12":{"start":{"line":77,"column":4},"end":{"line":77,"column":59}},"13":{"start":{"line":81,"column":0},"end":{"line":94,"column":2}},"14":{"start":{"line":82,"column":2},"end":{"line":93,"column":3}},"15":{"start":{"line":83,"column":22},"end":{"line":83,"column":67}},"16":{"start":{"line":83,"column":50},"end":{"line":83,"column":66}},"17":{"start":{"line":84,"column":4},"end":{"line":86,"column":5}},"18":{"start":{"line":85,"column":6},"end":{"line":85,"column":40}},"19":{"start":{"line":87,"column":4},"end":{"line":87,"column":36}},"20":{"start":{"line":88,"column":4},"end":{"line":88,"column":16}},"21":{"start":{"line":90,"column":4},"end":{"line":90,"column":16}},"22":{"start":{"line":92,"column":4},"end":{"line":92,"column":38}},"23":{"start":{"line":96,"column":0},"end":{"line":105,"column":2}},"24":{"start":{"line":97,"column":2},"end":{"line":104,"column":3}},"25":{"start":{"line":98,"column":4},"end":{"line":98,"column":34}},"26":{"start":{"line":99,"column":4},"end":{"line":99,"column":16}},"27":{"start":{"line":101,"column":4},"end":{"line":101,"column":16}},"28":{"start":{"line":103,"column":4},"end":{"line":103,"column":62}},"29":{"start":{"line":107,"column":0},"end":{"line":131,"column":2}},"30":{"start":{"line":108,"column":2},"end":{"line":130,"column":3}},"31":{"start":{"line":109,"column":30},"end":{"line":111,"column":5}},"32":{"start":{"line":110,"column":16},"end":{"line":110,"column":77}},"33":{"start":{"line":112,"column":33},"end":{"line":114,"column":5}},"34":{"start":{"line":113,"column":16},"end":{"line":113,"column":77}},"35":{"start":{"line":116,"column":4},"end":{"line":123,"column":5}},"36":{"start":{"line":117,"column":6},"end":{"line":117,"column":46}},"37":{"start":{"line":118,"column":11},"end":{"line":123,"column":5}},"38":{"start":{"line":119,"column":6},"end":{"line":119,"column":52}},"39":{"start":{"line":120,"column":6},"end":{"line":120,"column":30}},"40":{"start":{"line":122,"column":6},"end":{"line":122,"column":30}},"41":{"start":{"line":125,"column":4},"end":{"line":125,"column":22}},"42":{"start":{"line":127,"column":4},"end":{"line":127,"column":16}},"43":{"start":{"line":129,"column":4},"end":{"line":129,"column":59}},"44":{"start":{"line":133,"column":0},"end":{"line":157,"column":2}},"45":{"start":{"line":134,"column":2},"end":{"line":156,"column":3}},"46":{"start":{"line":135,"column":33},"end":{"line":137,"column":5}},"47":{"start":{"line":136,"column":19},"end":{"line":136,"column":71}},"48":{"start":{"line":138,"column":30},"end":{"line":140,"column":5}},"49":{"start":{"line":139,"column":16},"end":{"line":139,"column":59}},"50":{"start":{"line":142,"column":4},"end":{"line":149,"column":5}},"51":{"start":{"line":143,"column":6},"end":{"line":143,"column":52}},"52":{"start":{"line":144,"column":11},"end":{"line":149,"column":5}},"53":{"start":{"line":145,"column":6},"end":{"line":145,"column":46}},"54":{"start":{"line":146,"column":6},"end":{"line":146,"column":33}},"55":{"start":{"line":148,"column":6},"end":{"line":148,"column":33}},"56":{"start":{"line":151,"column":4},"end":{"line":151,"column":22}},"57":{"start":{"line":153,"column":4},"end":{"line":153,"column":16}},"58":{"start":{"line":155,"column":4},"end":{"line":155,"column":62}},"59":{"start":{"line":159,"column":0},"end":{"line":175,"column":2}},"60":{"start":{"line":160,"column":2},"end":{"line":174,"column":3}},"61":{"start":{"line":161,"column":4},"end":{"line":163,"column":5}},"62":{"start":{"line":162,"column":6},"end":{"line":162,"column":49}},"63":{"start":{"line":164,"column":4},"end":{"line":166,"column":5}},"64":{"start":{"line":165,"column":6},"end":{"line":165,"column":45}},"65":{"start":{"line":167,"column":4},"end":{"line":169,"column":5}},"66":{"start":{"line":168,"column":6},"end":{"line":168,"column":33}},"67":{"start":{"line":170,"column":4},"end":{"line":170,"column":22}},"68":{"start":{"line":171,"column":4},"end":{"line":171,"column":16}},"69":{"start":{"line":173,"column":4},"end":{"line":173,"column":65}},"70":{"start":{"line":177,"column":17},"end":{"line":177,"column":59}}},"fnMap":{"0":{"name":"(anonymous_0)","decl":{"start":{"line":61,"column":33},"end":{"line":61,"column":34}},"loc":{"start":{"line":61,"column":57},"end":{"line":79,"column":1}},"line":61},"1":{"name":"(anonymous_1)","decl":{"start":{"line":68,"column":24},"end":{"line":68,"column":25}},"loc":{"start":{"line":68,"column":31},"end":{"line":68,"column":47}},"line":68},"2":{"name":"(anonymous_2)","decl":{"start":{"line":81,"column":36},"end":{"line":81,"column":37}},"loc":{"start":{"line":81,"column":60},"end":{"line":94,"column":1}},"line":81},"3":{"name":"(anonymous_3)","decl":{"start":{"line":83,"column":43},"end":{"line":83,"column":44}},"loc":{"start":{"line":83,"column":50},"end":{"line":83,"column":66}},"line":83},"4":{"name":"(anonymous_4)","decl":{"start":{"line":96,"column":36},"end":{"line":96,"column":37}},"loc":{"start":{"line":96,"column":63},"end":{"line":105,"column":1}},"line":96},"5":{"name":"(anonymous_5)","decl":{"start":{"line":107,"column":33},"end":{"line":107,"column":34}},"loc":{"start":{"line":107,"column":57},"end":{"line":131,"column":1}},"line":107},"6":{"name":"(anonymous_6)","decl":{"start":{"line":110,"column":6},"end":{"line":110,"column":7}},"loc":{"start":{"line":110,"column":16},"end":{"line":110,"column":77}},"line":110},"7":{"name":"(anonymous_7)","decl":{"start":{"line":113,"column":6},"end":{"line":113,"column":7}},"loc":{"start":{"line":113,"column":16},"end":{"line":113,"column":77}},"line":113},"8":{"name":"(anonymous_8)","decl":{"start":{"line":133,"column":36},"end":{"line":133,"column":37}},"loc":{"start":{"line":133,"column":60},"end":{"line":157,"column":1}},"line":133},"9":{"name":"(anonymous_9)","decl":{"start":{"line":136,"column":6},"end":{"line":136,"column":7}},"loc":{"start":{"line":136,"column":19},"end":{"line":136,"column":71}},"line":136},"10":{"name":"(anonymous_10)","decl":{"start":{"line":139,"column":6},"end":{"line":139,"column":7}},"loc":{"start":{"line":139,"column":16},"end":{"line":139,"column":59}},"line":139},"11":{"name":"(anonymous_11)","decl":{"start":{"line":159,"column":38},"end":{"line":159,"column":39}},"loc":{"start":{"line":159,"column":63},"end":{"line":175,"column":1}},"line":159}},"branchMap":{"0":{"loc":{"start":{"line":64,"column":4},"end":{"line":66,"column":5}},"type":"if","locations":[{"start":{"line":64,"column":4},"end":{"line":66,"column":5}},{"start":{},"end":{}}],"line":64},"1":{"loc":{"start":{"line":68,"column":4},"end":{"line":70,"column":5}},"type":"if","locations":[{"start":{"line":68,"column":4},"end":{"line":70,"column":5}},{"start":{},"end":{}}],"line":68},"2":{"loc":{"start":{"line":84,"column":4},"end":{"line":86,"column":5}},"type":"if","locations":[{"start":{"line":84,"column":4},"end":{"line":86,"column":5}},{"start":{},"end":{}}],"line":84},"3":{"loc":{"start":{"line":110,"column":16},"end":{"line":110,"column":77}},"type":"binary-expr","locations":[{"start":{"line":110,"column":16},"end":{"line":110,"column":20}},{"start":{"line":110,"column":24},"end":{"line":110,"column":32}},{"start":{"line":110,"column":36},"end":{"line":110,"column":77}}],"line":110},"4":{"loc":{"start":{"line":113,"column":16},"end":{"line":113,"column":77}},"type":"binary-expr","locations":[{"start":{"line":113,"column":16},"end":{"line":113,"column":20}},{"start":{"line":113,"column":24},"end":{"line":113,"column":32}},{"start":{"line":113,"column":36},"end":{"line":113,"column":77}}],"line":113},"5":{"loc":{"start":{"line":116,"column":4},"end":{"line":123,"column":5}},"type":"if","locations":[{"start":{"line":116,"column":4},"end":{"line":123,"column":5}},{"start":{"line":118,"column":11},"end":{"line":123,"column":5}}],"line":116},"6":{"loc":{"start":{"line":118,"column":11},"end":{"line":123,"column":5}},"type":"if","locations":[{"start":{"line":118,"column":11},"end":{"line":123,"column":5}},{"start":{"line":121,"column":11},"end":{"line":123,"column":5}}],"line":118},"7":{"loc":{"start":{"line":136,"column":19},"end":{"line":136,"column":71}},"type":"binary-expr","locations":[{"start":{"line":136,"column":19},"end":{"line":136,"column":26}},{"start":{"line":136,"column":30},"end":{"line":136,"column":41}},{"start":{"line":136,"column":45},"end":{"line":136,"column":71}}],"line":136},"8":{"loc":{"start":{"line":139,"column":16},"end":{"line":139,"column":59}},"type":"binary-expr","locations":[{"start":{"line":139,"column":16},"end":{"line":139,"column":20}},{"start":{"line":139,"column":24},"end":{"line":139,"column":32}},{"start":{"line":139,"column":36},"end":{"line":139,"column":59}}],"line":139},"9":{"loc":{"start":{"line":142,"column":4},"end":{"line":149,"column":5}},"type":"if","locations":[{"start":{"line":142,"column":4},"end":{"line":149,"column":5}},{"start":{"line":144,"column":11},"end":{"line":149,"column":5}}],"line":142},"10":{"loc":{"start":{"line":144,"column":11},"end":{"line":149,"column":5}},"type":"if","locations":[{"start":{"line":144,"column":11},"end":{"line":149,"column":5}},{"start":{"line":147,"column":11},"end":{"line":149,"column":5}}],"line":144},"11":{"loc":{"start":{"line":161,"column":4},"end":{"line":163,"column":5}},"type":"if","locations":[{"start":{"line":161,"column":4},"end":{"line":163,"column":5}},{"start":{},"end":{}}],"line":161},"12":{"loc":{"start":{"line":164,"column":4},"end":{"line":166,"column":5}},"type":"if","locations":[{"start":{"line":164,"column":4},"end":{"line":166,"column":5}},{"start":{},"end":{}}],"line":164},"13":{"loc":{"start":{"line":167,"column":4},"end":{"line":169,"column":5}},"type":"if","locations":[{"start":{"line":167,"column":4},"end":{"line":169,"column":5}},{"start":{},"end":{}}],"line":167}},"s":{"0":3,"1":3,"2":1,"3":1,"4":1,"5":0,"6":1,"7":0,"8":0,"9":1,"10":1,"11":1,"12":0,"13":3,"14":0,"15":0,"16":0,"17":0,"18":0,"19":0,"20":0,"21":0,"22":0,"23":3,"24":0,"25":0,"26":0,"27":0,"28":0,"29":3,"30":0,"31":0,"32":0,"33":0,"34":0,"35":0,"36":0,"37":0,"38":0,"39":0,"40":0,"41":0,"42":0,"43":0,"44":3,"45":0,"46":0,"47":0,"48":0,"49":0,"50":0,"51":0,"52":0,"53":0,"54":0,"55":0,"56":0,"57":0,"58":0,"59":3,"60":0,"61":0,"62":0,"63":0,"64":0,"65":0,"66":0,"67":0,"68":0,"69":0,"70":3},"f":{"0":1,"1":0,"2":0,"3":0,"4":0,"5":0,"6":0,"7":0,"8":0,"9":0,"10":0,"11":0},"b":{"0":[0,1],"1":[0,1],"2":[0,0],"3":[0,0,0],"4":[0,0,0],"5":[0,0],"6":[0,0],"7":[0,0,0],"8":[0,0,0],"9":[0,0],"10":[0,0],"11":[0,0],"12":[0,0],"13":[0,0]},"inputSourceMap":null,"_coverageSchema":"1a1c01bbd47fc00a2c39e90264f33305004495a9","hash":"549eee2c36cc260bc21fdfec2a776aa1702226df"}
,"/Users/hahns_pena/Documents/University/CSC 307/Songsmith/packages/express-backend/song-services.js": {"path":"/Users/hahns_pena/Documents/University/CSC 307/Songsmith/packages/express-backend/song-services.js","statementMap":{"0":{"start":{"line":6,"column":0},"end":{"line":6,"column":16}},"1":{"start":{"line":7,"column":0},"end":{"line":7,"column":28}},"2":{"start":{"line":10,"column":0},"end":{"line":47,"column":5}},"3":{"start":{"line":46,"column":4},"end":{"line":46,"column":59}},"4":{"start":{"line":50,"column":2},"end":{"line":50,"column":20}},"5":{"start":{"line":51,"column":2},"end":{"line":70,"column":3}},"6":{"start":{"line":52,"column":25},"end":{"line":56,"column":6}},"7":{"start":{"line":58,"column":22},"end":{"line":64,"column":6}},"8":{"start":{"line":65,"column":4},"end":{"line":65,"column":27}},"9":{"start":{"line":66,"column":22},"end":{"line":66,"column":44}},"10":{"start":{"line":67,"column":4},"end":{"line":67,"column":21}},"11":{"start":{"line":69,"column":4},"end":{"line":69,"column":41}},"12":{"start":{"line":74,"column":2},"end":{"line":74,"column":40}},"13":{"start":{"line":78,"column":2},"end":{"line":78,"column":44}},"14":{"start":{"line":83,"column":2},"end":{"line":89,"column":3}},"15":{"start":{"line":84,"column":4},"end":{"line":84,"column":31}},"16":{"start":{"line":85,"column":9},"end":{"line":89,"column":3}},"17":{"start":{"line":86,"column":4},"end":{"line":86,"column":35}},"18":{"start":{"line":88,"column":4},"end":{"line":88,"column":40}},"19":{"start":{"line":90,"column":2},"end":{"line":90,"column":17}}},"fnMap":{"0":{"name":"(anonymous_0)","decl":{"start":{"line":15,"column":8},"end":{"line":15,"column":9}},"loc":{"start":{"line":15,"column":20},"end":{"line":44,"column":3}},"line":15},"1":{"name":"(anonymous_1)","decl":{"start":{"line":45,"column":9},"end":{"line":45,"column":10}},"loc":{"start":{"line":45,"column":20},"end":{"line":47,"column":3}},"line":45},"2":{"name":"addSong","decl":{"start":{"line":49,"column":15},"end":{"line":49,"column":22}},"loc":{"start":{"line":49,"column":29},"end":{"line":71,"column":1}},"line":49},"3":{"name":"findSongByName","decl":{"start":{"line":73,"column":9},"end":{"line":73,"column":23}},"loc":{"start":{"line":73,"column":30},"end":{"line":75,"column":1}},"line":73},"4":{"name":"findSongsByArtist","decl":{"start":{"line":77,"column":9},"end":{"line":77,"column":26}},"loc":{"start":{"line":77,"column":35},"end":{"line":79,"column":1}},"line":77},"5":{"name":"getSongs","decl":{"start":{"line":81,"column":9},"end":{"line":81,"column":17}},"loc":{"start":{"line":81,"column":32},"end":{"line":91,"column":1}},"line":81}},"branchMap":{"0":{"loc":{"start":{"line":83,"column":2},"end":{"line":89,"column":3}},"type":"if","locations":[{"start":{"line":83,"column":2},"end":{"line":89,"column":3}},{"start":{"line":85,"column":9},"end":{"line":89,"column":3}}],"line":83},"1":{"loc":{"start":{"line":83,"column":6},"end":{"line":83,"column":48}},"type":"binary-expr","locations":[{"start":{"line":83,"column":6},"end":{"line":83,"column":24}},{"start":{"line":83,"column":28},"end":{"line":83,"column":48}}],"line":83},"2":{"loc":{"start":{"line":85,"column":9},"end":{"line":89,"column":3}},"type":"if","locations":[{"start":{"line":85,"column":9},"end":{"line":89,"column":3}},{"start":{"line":87,"column":9},"end":{"line":89,"column":3}}],"line":85},"3":{"loc":{"start":{"line":85,"column":13},"end":{"line":85,"column":28}},"type":"binary-expr","locations":[{"start":{"line":85,"column":13},"end":{"line":85,"column":17}},{"start":{"line":85,"column":21},"end":{"line":85,"column":28}}],"line":85}},"s":{"0":2,"1":2,"2":2,"3":2,"4":12,"5":12,"6":12,"7":12,"8":12,"9":12,"10":11,"11":1,"12":2,"13":2,"14":3,"15":1,"16":2,"17":1,"18":1,"19":3},"f":{"0":0,"1":2,"2":12,"3":2,"4":2,"5":3},"b":{"0":[1,2],"1":[3,1],"2":[1,1],"3":[2,1]},"inputSourceMap":null,"_coverageSchema":"1a1c01bbd47fc00a2c39e90264f33305004495a9","hash":"859f707e0559930899f89d5f6fa4f4617f31185f"}
,"/Users/hahns_pena/Documents/University/CSC 307/Songsmith/packages/express-backend/song.js": {"path":"/Users/hahns_pena/Documents/University/CSC 307/Songsmith/packages/express-backend/song.js","statementMap":{"0":{"start":{"line":3,"column":19},"end":{"line":35,"column":1}},"1":{"start":{"line":37,"column":13},"end":{"line":37,"column":47}}},"fnMap":{},"branchMap":{},"s":{"0":4,"1":4},"f":{},"b":{},"inputSourceMap":null,"_coverageSchema":"1a1c01bbd47fc00a2c39e90264f33305004495a9","hash":"75c7e1242e6ca83f88d587598f07264a551e98a9"}
,"/Users/hahns_pena/Documents/University/CSC 307/Songsmith/packages/express-backend/user-services.js": {"path":"/Users/hahns_pena/Documents/University/CSC 307/Songsmith/packages/express-backend/user-services.js","statementMap":{"0":{"start":{"line":5,"column":0},"end":{"line":5,"column":16}},"1":{"start":{"line":6,"column":12},"end":{"line":6,"column":35}},"2":{"start":{"line":7,"column":0},"end":{"line":7,"column":28}},"3":{"start":{"line":8,"column":0},"end":{"line":13,"column":40}},"4":{"start":{"line":13,"column":20},"end":{"line":13,"column":38}},"5":{"start":{"line":16,"column":20},"end":{"line":16,"column":39}},"6":{"start":{"line":17,"column":18},"end":{"line":17,"column":34}},"7":{"start":{"line":18,"column":2},"end":{"line":18,"column":17}},"8":{"start":{"line":22,"column":2},"end":{"line":22,"column":32}},"9":{"start":{"line":26,"column":2},"end":{"line":26,"column":48}},"10":{"start":{"line":31,"column":2},"end":{"line":35,"column":3}},"11":{"start":{"line":32,"column":4},"end":{"line":32,"column":31}},"12":{"start":{"line":34,"column":4},"end":{"line":34,"column":39}},"13":{"start":{"line":36,"column":2},"end":{"line":36,"column":17}},"14":{"start":{"line":40,"column":2},"end":{"line":40,"column":54}}},"fnMap":{"0":{"name":"(anonymous_0)","decl":{"start":{"line":13,"column":9},"end":{"line":13,"column":10}},"loc":{"start":{"line":13,"column":20},"end":{"line":13,"column":38}},"line":13},"1":{"name":"addUser","decl":{"start":{"line":15,"column":9},"end":{"line":15,"column":16}},"loc":{"start":{"line":15,"column":23},"end":{"line":19,"column":1}},"line":15},"2":{"name":"findUserById","decl":{"start":{"line":21,"column":9},"end":{"line":21,"column":21}},"loc":{"start":{"line":21,"column":26},"end":{"line":23,"column":1}},"line":21},"3":{"name":"findUserByName","decl":{"start":{"line":25,"column":9},"end":{"line":25,"column":23}},"loc":{"start":{"line":25,"column":34},"end":{"line":27,"column":1}},"line":25},"4":{"name":"getUsers","decl":{"start":{"line":29,"column":9},"end":{"line":29,"column":17}},"loc":{"start":{"line":29,"column":28},"end":{"line":37,"column":1}},"line":29},"5":{"name":"getPlaylistsForUser","decl":{"start":{"line":39,"column":9},"end":{"line":39,"column":28}},"loc":{"start":{"line":39,"column":33},"end":{"line":41,"column":1}},"line":39}},"branchMap":{"0":{"loc":{"start":{"line":31,"column":2},"end":{"line":35,"column":3}},"type":"if","locations":[{"start":{"line":31,"column":2},"end":{"line":35,"column":3}},{"start":{"line":33,"column":9},"end":{"line":35,"column":3}}],"line":31}},"s":{"0":1,"1":1,"2":1,"3":1,"4":1,"5":7,"6":7,"7":7,"8":1,"9":1,"10":2,"11":1,"12":1,"13":2,"14":1},"f":{"0":1,"1":7,"2":1,"3":1,"4":2,"5":1},"b":{"0":[1,1]},"inputSourceMap":null,"_coverageSchema":"1a1c01bbd47fc00a2c39e90264f33305004495a9","hash":"0404f56e741da856dfbbcf3f25db0fc187f01747"}
,"/Users/hahns_pena/Documents/University/CSC 307/Songsmith/packages/express-backend/user.js": {"path":"/Users/hahns_pena/Documents/University/CSC 307/Songsmith/packages/express-backend/user.js","statementMap":{"0":{"start":{"line":3,"column":19},"end":{"line":26,"column":1}},"1":{"start":{"line":28,"column":13},"end":{"line":28,"column":47}}},"fnMap":{},"branchMap":{},"s":{"0":3,"1":3},"f":{},"b":{},"inputSourceMap":null,"_coverageSchema":"1a1c01bbd47fc00a2c39e90264f33305004495a9","hash":"f11624658fd1a8bff19c2cdb82aea692c4ab2dd6"}
}
