{"/Users/arjunranade/CSC-307/Songsmith/packages/express-backend/comments.js": {"path":"/Users/arjunranade/CSC-307/Songsmith/packages/express-backend/comments.js","statementMap":{"0":{"start":{"line":5,"column":19},"end":{"line":21,"column":1}},"1":{"start":{"line":23,"column":16},"end":{"line":23,"column":53}}},"fnMap":{},"branchMap":{},"s":{"0":1,"1":1},"f":{},"b":{},"inputSourceMap":null,"_coverageSchema":"1a1c01bbd47fc00a2c39e90264f33305004495a9","hash":"98da47df7e4dc4484f82264819a3125cad2acff7"}
,"/Users/arjunranade/CSC-307/Songsmith/packages/express-backend/playlist.js": {"path":"/Users/arjunranade/CSC-307/Songsmith/packages/express-backend/playlist.js","statementMap":{"0":{"start":{"line":5,"column":23},"end":{"line":52,"column":1}},"1":{"start":{"line":54,"column":0},"end":{"line":74,"column":2}},"2":{"start":{"line":55,"column":2},"end":{"line":73,"column":3}},"3":{"start":{"line":57,"column":17},"end":{"line":57,"column":44}},"4":{"start":{"line":58,"column":4},"end":{"line":60,"column":5}},"5":{"start":{"line":59,"column":6},"end":{"line":59,"column":40}},"6":{"start":{"line":63,"column":4},"end":{"line":65,"column":5}},"7":{"start":{"line":63,"column":31},"end":{"line":63,"column":47}},"8":{"start":{"line":64,"column":6},"end":{"line":64,"column":61}},"9":{"start":{"line":67,"column":4},"end":{"line":67,"column":28}},"10":{"start":{"line":68,"column":4},"end":{"line":68,"column":16}},"11":{"start":{"line":70,"column":4},"end":{"line":70,"column":16}},"12":{"start":{"line":72,"column":4},"end":{"line":72,"column":59}},"13":{"start":{"line":76,"column":0},"end":{"line":85,"column":2}},"14":{"start":{"line":77,"column":2},"end":{"line":84,"column":3}},"15":{"start":{"line":78,"column":4},"end":{"line":78,"column":34}},"16":{"start":{"line":79,"column":4},"end":{"line":79,"column":16}},"17":{"start":{"line":81,"column":4},"end":{"line":81,"column":16}},"18":{"start":{"line":83,"column":4},"end":{"line":83,"column":62}},"19":{"start":{"line":87,"column":0},"end":{"line":111,"column":2}},"20":{"start":{"line":88,"column":2},"end":{"line":110,"column":3}},"21":{"start":{"line":89,"column":30},"end":{"line":91,"column":5}},"22":{"start":{"line":90,"column":6},"end":{"line":90,"column":29}},"23":{"start":{"line":92,"column":34},"end":{"line":94,"column":5}},"24":{"start":{"line":93,"column":6},"end":{"line":93,"column":32}},"25":{"start":{"line":95,"column":4},"end":{"line":103,"column":5}},"26":{"start":{"line":97,"column":6},"end":{"line":97,"column":46}},"27":{"start":{"line":98,"column":11},"end":{"line":103,"column":5}},"28":{"start":{"line":99,"column":6},"end":{"line":99,"column":49}},"29":{"start":{"line":100,"column":6},"end":{"line":100,"column":30}},"30":{"start":{"line":102,"column":6},"end":{"line":102,"column":30}},"31":{"start":{"line":105,"column":4},"end":{"line":105,"column":16}},"32":{"start":{"line":107,"column":4},"end":{"line":107,"column":16}},"33":{"start":{"line":109,"column":4},"end":{"line":109,"column":59}},"34":{"start":{"line":113,"column":0},"end":{"line":137,"column":2}},"35":{"start":{"line":114,"column":2},"end":{"line":136,"column":3}},"36":{"start":{"line":115,"column":33},"end":{"line":117,"column":5}},"37":{"start":{"line":116,"column":6},"end":{"line":116,"column":32}},"38":{"start":{"line":118,"column":30},"end":{"line":120,"column":5}},"39":{"start":{"line":119,"column":6},"end":{"line":119,"column":29}},"40":{"start":{"line":121,"column":4},"end":{"line":129,"column":5}},"41":{"start":{"line":123,"column":6},"end":{"line":123,"column":52}},"42":{"start":{"line":124,"column":11},"end":{"line":129,"column":5}},"43":{"start":{"line":125,"column":6},"end":{"line":125,"column":46}},"44":{"start":{"line":126,"column":6},"end":{"line":126,"column":33}},"45":{"start":{"line":128,"column":6},"end":{"line":128,"column":33}},"46":{"start":{"line":131,"column":4},"end":{"line":131,"column":16}},"47":{"start":{"line":133,"column":4},"end":{"line":133,"column":16}},"48":{"start":{"line":135,"column":4},"end":{"line":135,"column":62}},"49":{"start":{"line":139,"column":0},"end":{"line":152,"column":2}},"50":{"start":{"line":140,"column":2},"end":{"line":151,"column":3}},"51":{"start":{"line":141,"column":4},"end":{"line":143,"column":5}},"52":{"start":{"line":142,"column":6},"end":{"line":142,"column":49}},"53":{"start":{"line":144,"column":4},"end":{"line":146,"column":5}},"54":{"start":{"line":145,"column":6},"end":{"line":145,"column":45}},"55":{"start":{"line":147,"column":4},"end":{"line":147,"column":22}},"56":{"start":{"line":148,"column":4},"end":{"line":148,"column":16}},"57":{"start":{"line":150,"column":4},"end":{"line":150,"column":65}},"58":{"start":{"line":154,"column":17},"end":{"line":154,"column":59}}},"fnMap":{"0":{"name":"(anonymous_0)","decl":{"start":{"line":54,"column":33},"end":{"line":54,"column":34}},"loc":{"start":{"line":54,"column":57},"end":{"line":74,"column":1}},"line":54},"1":{"name":"(anonymous_1)","decl":{"start":{"line":63,"column":24},"end":{"line":63,"column":25}},"loc":{"start":{"line":63,"column":31},"end":{"line":63,"column":47}},"line":63},"2":{"name":"(anonymous_2)","decl":{"start":{"line":76,"column":36},"end":{"line":76,"column":37}},"loc":{"start":{"line":76,"column":63},"end":{"line":85,"column":1}},"line":76},"3":{"name":"(anonymous_3)","decl":{"start":{"line":87,"column":33},"end":{"line":87,"column":34}},"loc":{"start":{"line":87,"column":57},"end":{"line":111,"column":1}},"line":87},"4":{"name":"(anonymous_4)","decl":{"start":{"line":89,"column":51},"end":{"line":89,"column":52}},"loc":{"start":{"line":90,"column":6},"end":{"line":90,"column":29}},"line":90},"5":{"name":"(anonymous_5)","decl":{"start":{"line":92,"column":58},"end":{"line":92,"column":59}},"loc":{"start":{"line":93,"column":6},"end":{"line":93,"column":32}},"line":93},"6":{"name":"(anonymous_6)","decl":{"start":{"line":113,"column":36},"end":{"line":113,"column":37}},"loc":{"start":{"line":113,"column":60},"end":{"line":137,"column":1}},"line":113},"7":{"name":"(anonymous_7)","decl":{"start":{"line":115,"column":57},"end":{"line":115,"column":58}},"loc":{"start":{"line":116,"column":6},"end":{"line":116,"column":32}},"line":116},"8":{"name":"(anonymous_8)","decl":{"start":{"line":118,"column":51},"end":{"line":118,"column":52}},"loc":{"start":{"line":119,"column":6},"end":{"line":119,"column":29}},"line":119},"9":{"name":"(anonymous_9)","decl":{"start":{"line":139,"column":38},"end":{"line":139,"column":39}},"loc":{"start":{"line":139,"column":63},"end":{"line":152,"column":1}},"line":139}},"branchMap":{"0":{"loc":{"start":{"line":58,"column":4},"end":{"line":60,"column":5}},"type":"if","locations":[{"start":{"line":58,"column":4},"end":{"line":60,"column":5}},{"start":{},"end":{}}],"line":58},"1":{"loc":{"start":{"line":63,"column":4},"end":{"line":65,"column":5}},"type":"if","locations":[{"start":{"line":63,"column":4},"end":{"line":65,"column":5}},{"start":{},"end":{}}],"line":63},"2":{"loc":{"start":{"line":95,"column":4},"end":{"line":103,"column":5}},"type":"if","locations":[{"start":{"line":95,"column":4},"end":{"line":103,"column":5}},{"start":{"line":98,"column":11},"end":{"line":103,"column":5}}],"line":95},"3":{"loc":{"start":{"line":98,"column":11},"end":{"line":103,"column":5}},"type":"if","locations":[{"start":{"line":98,"column":11},"end":{"line":103,"column":5}},{"start":{"line":101,"column":11},"end":{"line":103,"column":5}}],"line":98},"4":{"loc":{"start":{"line":121,"column":4},"end":{"line":129,"column":5}},"type":"if","locations":[{"start":{"line":121,"column":4},"end":{"line":129,"column":5}},{"start":{"line":124,"column":11},"end":{"line":129,"column":5}}],"line":121},"5":{"loc":{"start":{"line":124,"column":11},"end":{"line":129,"column":5}},"type":"if","locations":[{"start":{"line":124,"column":11},"end":{"line":129,"column":5}},{"start":{"line":127,"column":11},"end":{"line":129,"column":5}}],"line":124},"6":{"loc":{"start":{"line":141,"column":4},"end":{"line":143,"column":5}},"type":"if","locations":[{"start":{"line":141,"column":4},"end":{"line":143,"column":5}},{"start":{},"end":{}}],"line":141},"7":{"loc":{"start":{"line":144,"column":4},"end":{"line":146,"column":5}},"type":"if","locations":[{"start":{"line":144,"column":4},"end":{"line":146,"column":5}},{"start":{},"end":{}}],"line":144}},"s":{"0":1,"1":1,"2":0,"3":0,"4":0,"5":0,"6":0,"7":0,"8":0,"9":0,"10":0,"11":0,"12":0,"13":1,"14":0,"15":0,"16":0,"17":0,"18":0,"19":1,"20":0,"21":0,"22":0,"23":0,"24":0,"25":0,"26":0,"27":0,"28":0,"29":0,"30":0,"31":0,"32":0,"33":0,"34":1,"35":0,"36":0,"37":0,"38":0,"39":0,"40":0,"41":0,"42":0,"43":0,"44":0,"45":0,"46":0,"47":0,"48":0,"49":1,"50":0,"51":0,"52":0,"53":0,"54":0,"55":0,"56":0,"57":0,"58":1},"f":{"0":0,"1":0,"2":0,"3":0,"4":0,"5":0,"6":0,"7":0,"8":0,"9":0},"b":{"0":[0,0],"1":[0,0],"2":[0,0],"3":[0,0],"4":[0,0],"5":[0,0],"6":[0,0],"7":[0,0]},"inputSourceMap":null,"_coverageSchema":"1a1c01bbd47fc00a2c39e90264f33305004495a9","hash":"04b60da3200410e876ebda2aa7d4dc8b23155431"}
,"/Users/arjunranade/CSC-307/Songsmith/packages/express-backend/song-services.js": {"path":"/Users/arjunranade/CSC-307/Songsmith/packages/express-backend/song-services.js","statementMap":{"0":{"start":{"line":6,"column":0},"end":{"line":6,"column":16}},"1":{"start":{"line":7,"column":0},"end":{"line":7,"column":28}},"2":{"start":{"line":10,"column":0},"end":{"line":47,"column":5}},"3":{"start":{"line":46,"column":4},"end":{"line":46,"column":59}},"4":{"start":{"line":50,"column":2},"end":{"line":50,"column":20}},"5":{"start":{"line":51,"column":2},"end":{"line":70,"column":3}},"6":{"start":{"line":52,"column":25},"end":{"line":56,"column":6}},"7":{"start":{"line":58,"column":22},"end":{"line":64,"column":6}},"8":{"start":{"line":65,"column":4},"end":{"line":65,"column":27}},"9":{"start":{"line":66,"column":22},"end":{"line":66,"column":44}},"10":{"start":{"line":67,"column":4},"end":{"line":67,"column":21}},"11":{"start":{"line":69,"column":4},"end":{"line":69,"column":41}},"12":{"start":{"line":74,"column":2},"end":{"line":74,"column":40}},"13":{"start":{"line":78,"column":2},"end":{"line":78,"column":44}},"14":{"start":{"line":83,"column":2},"end":{"line":89,"column":3}},"15":{"start":{"line":84,"column":4},"end":{"line":84,"column":31}},"16":{"start":{"line":85,"column":9},"end":{"line":89,"column":3}},"17":{"start":{"line":86,"column":4},"end":{"line":86,"column":35}},"18":{"start":{"line":88,"column":4},"end":{"line":88,"column":40}},"19":{"start":{"line":90,"column":2},"end":{"line":90,"column":17}}},"fnMap":{"0":{"name":"(anonymous_0)","decl":{"start":{"line":15,"column":8},"end":{"line":15,"column":9}},"loc":{"start":{"line":15,"column":20},"end":{"line":44,"column":3}},"line":15},"1":{"name":"(anonymous_1)","decl":{"start":{"line":45,"column":9},"end":{"line":45,"column":10}},"loc":{"start":{"line":45,"column":20},"end":{"line":47,"column":3}},"line":45},"2":{"name":"addSong","decl":{"start":{"line":49,"column":15},"end":{"line":49,"column":22}},"loc":{"start":{"line":49,"column":29},"end":{"line":71,"column":1}},"line":49},"3":{"name":"findSongByName","decl":{"start":{"line":73,"column":9},"end":{"line":73,"column":23}},"loc":{"start":{"line":73,"column":30},"end":{"line":75,"column":1}},"line":73},"4":{"name":"findSongsByArtist","decl":{"start":{"line":77,"column":9},"end":{"line":77,"column":26}},"loc":{"start":{"line":77,"column":35},"end":{"line":79,"column":1}},"line":77},"5":{"name":"getSongs","decl":{"start":{"line":81,"column":9},"end":{"line":81,"column":17}},"loc":{"start":{"line":81,"column":32},"end":{"line":91,"column":1}},"line":81}},"branchMap":{"0":{"loc":{"start":{"line":83,"column":2},"end":{"line":89,"column":3}},"type":"if","locations":[{"start":{"line":83,"column":2},"end":{"line":89,"column":3}},{"start":{"line":85,"column":9},"end":{"line":89,"column":3}}],"line":83},"1":{"loc":{"start":{"line":83,"column":6},"end":{"line":83,"column":48}},"type":"binary-expr","locations":[{"start":{"line":83,"column":6},"end":{"line":83,"column":24}},{"start":{"line":83,"column":28},"end":{"line":83,"column":48}}],"line":83},"2":{"loc":{"start":{"line":85,"column":9},"end":{"line":89,"column":3}},"type":"if","locations":[{"start":{"line":85,"column":9},"end":{"line":89,"column":3}},{"start":{"line":87,"column":9},"end":{"line":89,"column":3}}],"line":85},"3":{"loc":{"start":{"line":85,"column":13},"end":{"line":85,"column":28}},"type":"binary-expr","locations":[{"start":{"line":85,"column":13},"end":{"line":85,"column":17}},{"start":{"line":85,"column":21},"end":{"line":85,"column":28}}],"line":85}},"s":{"0":1,"1":1,"2":1,"3":1,"4":11,"5":11,"6":11,"7":11,"8":11,"9":11,"10":10,"11":1,"12":2,"13":2,"14":3,"15":1,"16":2,"17":1,"18":1,"19":3},"f":{"0":0,"1":1,"2":11,"3":2,"4":2,"5":3},"b":{"0":[1,2],"1":[3,1],"2":[1,1],"3":[2,1]},"inputSourceMap":null,"_coverageSchema":"1a1c01bbd47fc00a2c39e90264f33305004495a9","hash":"73a272b09ef70c2d7108069c861df2fae85244c7"}
,"/Users/arjunranade/CSC-307/Songsmith/packages/express-backend/song.js": {"path":"/Users/arjunranade/CSC-307/Songsmith/packages/express-backend/song.js","statementMap":{"0":{"start":{"line":3,"column":19},"end":{"line":35,"column":1}},"1":{"start":{"line":37,"column":13},"end":{"line":37,"column":47}}},"fnMap":{},"branchMap":{},"s":{"0":2,"1":2},"f":{},"b":{},"inputSourceMap":null,"_coverageSchema":"1a1c01bbd47fc00a2c39e90264f33305004495a9","hash":"8a21b81d4fafd24cec85139334faa96edf3c21ba"}
,"/Users/arjunranade/CSC-307/Songsmith/packages/express-backend/user-services.js": {"path":"/Users/arjunranade/CSC-307/Songsmith/packages/express-backend/user-services.js","statementMap":{"0":{"start":{"line":5,"column":0},"end":{"line":5,"column":16}},"1":{"start":{"line":6,"column":12},"end":{"line":6,"column":35}},"2":{"start":{"line":7,"column":0},"end":{"line":7,"column":28}},"3":{"start":{"line":8,"column":0},"end":{"line":13,"column":40}},"4":{"start":{"line":13,"column":20},"end":{"line":13,"column":38}},"5":{"start":{"line":16,"column":20},"end":{"line":16,"column":39}},"6":{"start":{"line":17,"column":18},"end":{"line":17,"column":34}},"7":{"start":{"line":18,"column":2},"end":{"line":18,"column":17}},"8":{"start":{"line":22,"column":2},"end":{"line":22,"column":32}},"9":{"start":{"line":26,"column":2},"end":{"line":26,"column":48}},"10":{"start":{"line":31,"column":2},"end":{"line":35,"column":3}},"11":{"start":{"line":32,"column":4},"end":{"line":32,"column":31}},"12":{"start":{"line":34,"column":4},"end":{"line":34,"column":39}},"13":{"start":{"line":36,"column":2},"end":{"line":36,"column":17}},"14":{"start":{"line":40,"column":2},"end":{"line":40,"column":54}}},"fnMap":{"0":{"name":"(anonymous_0)","decl":{"start":{"line":13,"column":9},"end":{"line":13,"column":10}},"loc":{"start":{"line":13,"column":20},"end":{"line":13,"column":38}},"line":13},"1":{"name":"addUser","decl":{"start":{"line":15,"column":9},"end":{"line":15,"column":16}},"loc":{"start":{"line":15,"column":23},"end":{"line":19,"column":1}},"line":15},"2":{"name":"findUserById","decl":{"start":{"line":21,"column":9},"end":{"line":21,"column":21}},"loc":{"start":{"line":21,"column":26},"end":{"line":23,"column":1}},"line":21},"3":{"name":"findUserByName","decl":{"start":{"line":25,"column":9},"end":{"line":25,"column":23}},"loc":{"start":{"line":25,"column":34},"end":{"line":27,"column":1}},"line":25},"4":{"name":"getUsers","decl":{"start":{"line":29,"column":9},"end":{"line":29,"column":17}},"loc":{"start":{"line":29,"column":28},"end":{"line":37,"column":1}},"line":29},"5":{"name":"getPlaylistsForUser","decl":{"start":{"line":39,"column":9},"end":{"line":39,"column":28}},"loc":{"start":{"line":39,"column":33},"end":{"line":41,"column":1}},"line":39}},"branchMap":{"0":{"loc":{"start":{"line":31,"column":2},"end":{"line":35,"column":3}},"type":"if","locations":[{"start":{"line":31,"column":2},"end":{"line":35,"column":3}},{"start":{"line":33,"column":9},"end":{"line":35,"column":3}}],"line":31}},"s":{"0":1,"1":1,"2":1,"3":1,"4":1,"5":7,"6":7,"7":7,"8":1,"9":1,"10":2,"11":1,"12":1,"13":2,"14":1},"f":{"0":1,"1":7,"2":1,"3":1,"4":2,"5":1},"b":{"0":[1,1]},"inputSourceMap":null,"_coverageSchema":"1a1c01bbd47fc00a2c39e90264f33305004495a9","hash":"e9622b05b48c9bd458ddb3a6b72a0833e06a6216"}
,"/Users/arjunranade/CSC-307/Songsmith/packages/express-backend/user.js": {"path":"/Users/arjunranade/CSC-307/Songsmith/packages/express-backend/user.js","statementMap":{"0":{"start":{"line":3,"column":19},"end":{"line":26,"column":1}},"1":{"start":{"line":28,"column":13},"end":{"line":28,"column":47}}},"fnMap":{},"branchMap":{},"s":{"0":1,"1":1},"f":{},"b":{},"inputSourceMap":null,"_coverageSchema":"1a1c01bbd47fc00a2c39e90264f33305004495a9","hash":"7a9253990c54e697dbed2156461fa8cd6cebe66f"}
}
