TN:
SF:packages/express-backend/comments-services.js
FN:15,(anonymous_0)
FN:17,createComment
FNF:2
FNH:2
FNDA:2,(anonymous_0)
FNDA:1,createComment
DA:7,2
DA:8,2
DA:9,2
DA:10,2
DA:15,2
DA:18,1
DA:19,1
DA:20,1
LF:8
LH:8
BRF:0
BRH:0
end_of_record
TN:
SF:packages/express-backend/comments.js
FNF:0
FNH:0
DA:3,3
DA:19,3
LF:2
LH:2
BRF:0
BRH:0
end_of_record
TN:
SF:packages/express-backend/playlist-services.js
FN:13,(anonymous_0)
FN:15,getAllPlaylists
FN:27,createPlaylist
FNF:3
FNH:3
FNDA:1,(anonymous_0)
FNDA:1,getAllPlaylists
FNDA:25,createPlaylist
DA:5,1
DA:7,1
DA:8,1
DA:13,1
DA:17,1
DA:24,1
DA:28,25
DA:29,25
DA:30,25
LF:9
LH:9
BRF:0
BRH:0
end_of_record
TN:
SF:packages/express-backend/playlist.js
FN:61,(anonymous_0)
FN:68,(anonymous_1)
FN:81,(anonymous_2)
FN:83,(anonymous_3)
FN:96,(anonymous_4)
FN:106,(anonymous_5)
FN:109,(anonymous_6)
FN:112,(anonymous_7)
FN:132,(anonymous_8)
FN:135,(anonymous_9)
FN:138,(anonymous_10)
FN:158,(anonymous_11)
FNF:12
FNH:12
FNDA:5,(anonymous_0)
FNDA:1,(anonymous_1)
FNDA:3,(anonymous_2)
FNDA:2,(anonymous_3)
FNDA:2,(anonymous_4)
FNDA:6,(anonymous_5)
FNDA:1,(anonymous_6)
FNDA:1,(anonymous_7)
FNDA:6,(anonymous_8)
FNDA:1,(anonymous_9)
FNDA:1,(anonymous_10)
FNDA:4,(anonymous_11)
DA:5,3
DA:61,3
DA:62,5
DA:63,5
DA:64,5
DA:65,2
DA:68,3
DA:69,1
DA:72,2
DA:73,2
DA:75,2
DA:77,3
DA:81,3
DA:82,3
DA:83,3
DA:84,3
DA:85,1
DA:87,2
DA:88,2
DA:90,1
DA:92,2
DA:96,3
DA:97,2
DA:98,2
DA:99,2
DA:100,1
DA:102,1
DA:106,3
DA:107,6
DA:108,6
DA:109,1
DA:111,6
DA:112,1
DA:115,6
DA:116,1
DA:117,5
DA:118,1
DA:119,1
DA:121,4
DA:124,6
DA:126,5
DA:128,1
DA:132,3
DA:133,6
DA:134,6
DA:135,1
DA:137,6
DA:138,1
DA:141,6
DA:142,1
DA:143,5
DA:144,1
DA:145,1
DA:147,4
DA:150,6
DA:152,5
DA:154,1
DA:158,3
DA:159,4
DA:160,4
DA:161,3
DA:163,4
DA:164,3
DA:166,4
DA:167,2
DA:169,4
DA:170,3
DA:172,1
DA:176,3
LF:69
LH:69
BRDA:64,0,0,2
BRDA:64,0,1,3
BRDA:68,1,0,1
BRDA:68,1,1,2
BRDA:84,2,0,1
BRDA:84,2,1,2
BRDA:109,3,0,1
BRDA:109,3,1,1
BRDA:109,3,2,1
BRDA:112,4,0,1
BRDA:112,4,1,1
BRDA:112,4,2,1
BRDA:115,5,0,1
BRDA:115,5,1,5
BRDA:117,6,0,1
BRDA:117,6,1,4
BRDA:135,7,0,1
BRDA:135,7,1,1
BRDA:135,7,2,1
BRDA:138,8,0,1
BRDA:138,8,1,1
BRDA:138,8,2,1
BRDA:141,9,0,1
BRDA:141,9,1,5
BRDA:143,10,0,1
BRDA:143,10,1,4
BRDA:160,11,0,3
BRDA:160,11,1,1
BRDA:163,12,0,3
BRDA:163,12,1,1
BRDA:166,13,0,2
BRDA:166,13,1,2
BRF:32
BRH:32
end_of_record
TN:
SF:packages/express-backend/song-services.js
FN:14,(anonymous_0)
FN:18,addSong
FN:36,findSongByName
FN:40,findSongsByArtist
FN:44,getSongs
FNF:5
FNH:5
FNDA:2,(anonymous_0)
FNDA:13,addSong
FNDA:2,findSongByName
FNDA:2,findSongsByArtist
FNDA:3,getSongs
DA:6,2
DA:7,2
DA:9,2
DA:15,2
DA:19,13
DA:20,13
DA:21,13
DA:28,13
DA:29,13
DA:30,12
DA:32,1
DA:37,2
DA:41,2
DA:46,3
DA:47,1
DA:48,2
DA:49,1
DA:51,1
DA:53,3
LF:19
LH:19
BRDA:46,0,0,1
BRDA:46,0,1,2
BRDA:46,1,0,3
BRDA:46,1,1,1
BRDA:48,2,0,1
BRDA:48,2,1,1
BRDA:48,3,0,2
BRDA:48,3,1,1
BRF:8
BRH:8
end_of_record
TN:
SF:packages/express-backend/song.js
FNF:0
FNH:0
DA:3,4
DA:37,4
LF:2
LH:2
BRF:0
BRH:0
end_of_record
TN:
SF:packages/express-backend/user-services.js
FN:13,(anonymous_0)
FN:15,addUser
FN:21,findUserById
FN:25,findUserByName
FN:29,getUsers
FNF:5
FNH:5
FNDA:2,(anonymous_0)
FNDA:12,addUser
FNDA:1,findUserById
FNDA:1,findUserByName
FNDA:2,getUsers
DA:5,2
DA:6,2
DA:7,2
DA:8,2
DA:13,2
DA:16,12
DA:17,12
DA:18,12
DA:22,1
DA:26,1
DA:31,2
DA:32,1
DA:34,1
DA:36,2
LF:14
LH:14
BRDA:31,0,0,1
BRDA:31,0,1,1
BRF:2
BRH:2
end_of_record
TN:
SF:packages/express-backend/user.js
FNF:0
FNH:0
DA:3,3
DA:21,3
LF:2
LH:2
BRF:0
BRH:0
end_of_record
