TN:
SF:packages/express-backend/comments.js
FNF:0
FNH:0
DA:5,1
DA:23,1
LF:2
LH:2
BRF:0
BRH:0
end_of_record
TN:
SF:packages/express-backend/playlist.js
FN:54,(anonymous_0)
FN:63,(anonymous_1)
FN:76,(anonymous_2)
FN:87,(anonymous_3)
FN:89,(anonymous_4)
FN:92,(anonymous_5)
FN:113,(anonymous_6)
FN:115,(anonymous_7)
FN:118,(anonymous_8)
FN:139,(anonymous_9)
FNF:10
FNH:0
FNDA:0,(anonymous_0)
FNDA:0,(anonymous_1)
FNDA:0,(anonymous_2)
FNDA:0,(anonymous_3)
FNDA:0,(anonymous_4)
FNDA:0,(anonymous_5)
FNDA:0,(anonymous_6)
FNDA:0,(anonymous_7)
FNDA:0,(anonymous_8)
FNDA:0,(anonymous_9)
DA:5,1
DA:54,1
DA:55,0
DA:57,0
DA:58,0
DA:59,0
DA:63,0
DA:64,0
DA:67,0
DA:68,0
DA:70,0
DA:72,0
DA:76,1
DA:77,0
DA:78,0
DA:79,0
DA:81,0
DA:83,0
DA:87,1
DA:88,0
DA:89,0
DA:90,0
DA:92,0
DA:93,0
DA:95,0
DA:97,0
DA:98,0
DA:99,0
DA:100,0
DA:102,0
DA:105,0
DA:107,0
DA:109,0
DA:113,1
DA:114,0
DA:115,0
DA:116,0
DA:118,0
DA:119,0
DA:121,0
DA:123,0
DA:124,0
DA:125,0
DA:126,0
DA:128,0
DA:131,0
DA:133,0
DA:135,0
DA:139,1
DA:140,0
DA:141,0
DA:142,0
DA:144,0
DA:145,0
DA:147,0
DA:148,0
DA:150,0
DA:154,1
LF:58
LH:7
BRDA:58,0,0,0
BRDA:58,0,1,0
BRDA:63,1,0,0
BRDA:63,1,1,0
BRDA:95,2,0,0
BRDA:95,2,1,0
BRDA:98,3,0,0
BRDA:98,3,1,0
BRDA:121,4,0,0
BRDA:121,4,1,0
BRDA:124,5,0,0
BRDA:124,5,1,0
BRDA:141,6,0,0
BRDA:141,6,1,0
BRDA:144,7,0,0
BRDA:144,7,1,0
BRF:16
BRH:0
end_of_record
TN:
SF:packages/express-backend/song-services.js
FN:15,(anonymous_0)
FN:45,(anonymous_1)
FN:49,addSong
FN:73,findSongByName
FN:77,findSongsByArtist
FN:81,getSongs
FNF:6
FNH:5
FNDA:0,(anonymous_0)
FNDA:1,(anonymous_1)
FNDA:11,addSong
FNDA:2,findSongByName
FNDA:2,findSongsByArtist
FNDA:3,getSongs
DA:6,1
DA:7,1
DA:10,1
DA:46,1
DA:50,11
DA:51,11
DA:52,11
DA:58,11
DA:65,11
DA:66,11
DA:67,10
DA:69,1
DA:74,2
DA:78,2
DA:83,3
DA:84,1
DA:85,2
DA:86,1
DA:88,1
DA:90,3
LF:20
LH:20
BRDA:83,0,0,1
BRDA:83,0,1,2
BRDA:83,1,0,3
BRDA:83,1,1,1
BRDA:85,2,0,1
BRDA:85,2,1,1
BRDA:85,3,0,2
BRDA:85,3,1,1
BRF:8
BRH:8
end_of_record
TN:
SF:packages/express-backend/song.js
FNF:0
FNH:0
DA:3,2
DA:37,2
LF:2
LH:2
BRF:0
BRH:0
end_of_record
TN:
SF:packages/express-backend/user-services.js
FN:13,(anonymous_0)
FN:15,addUser
FN:21,findUserById
FN:25,findUserByName
FN:29,getUsers
FN:39,getPlaylistsForUser
FNF:6
FNH:6
FNDA:1,(anonymous_0)
FNDA:7,addUser
FNDA:1,findUserById
FNDA:1,findUserByName
FNDA:2,getUsers
FNDA:1,getPlaylistsForUser
DA:5,1
DA:6,1
DA:7,1
DA:8,1
DA:13,1
DA:16,7
DA:17,7
DA:18,7
DA:22,1
DA:26,1
DA:31,2
DA:32,1
DA:34,1
DA:36,2
DA:40,1
LF:15
LH:15
BRDA:31,0,0,1
BRDA:31,0,1,1
BRF:2
BRH:2
end_of_record
TN:
SF:packages/express-backend/user.js
FNF:0
FNH:0
DA:3,1
DA:28,1
LF:2
LH:2
BRF:0
BRH:0
end_of_record
